User ID: 67be5d1e-9a0a-4e58-80c9-eb82074258c9, URL: /login, Method: POST, Timestamp: 2024-10-12T12:03:01.542Z
User ID: 62fbf177-aeee-4728-ae10-4bd5a037e094, URL: /submit, Method: POST, Timestamp: 2024-10-12T12:03:16.857Z
User ID: 936bf278-7678-4cf6-aca3-424ad29d5d98, URL: /reset-password, Method: POST, Timestamp: 2024-10-12T12:04:08.168Z
User ID: fa1a9172-bc9b-418b-a0b8-be6e578cac25, URL: /login, Method: POST, Timestamp: 2024-10-12T12:08:56.933Z
User ID: dda25533-b138-4c41-9db0-5a77a24661a6, URL: /login, Method: POST, Timestamp: 2024-10-12T12:09:11.013Z
User ID: 473a2c15-e62d-4153-8ad4-908fec483d14, URL: /login, Method: POST, Timestamp: 2024-10-12T12:09:22.938Z
User ID: ac10124d-e0cf-48e2-a373-91b5c54528a0, URL: /register, Method: POST, Timestamp: 2024-10-12T12:09:42.901Z
User ID: 3e586614-7757-4ef3-8455-dec74675c187, URL: /login, Method: POST, Timestamp: 2024-10-12T12:09:51.260Z
User ID: c6b8041c-d2aa-4fbd-9d28-4837627d747a, URL: /, Method: GET, Timestamp: 2024-10-12T12:16:57.525Z
User ID: df158c52-a181-4c33-a147-40ddc77bb22b, URL: /, Method: GET, Timestamp: 2024-10-12T12:16:57.613Z
User ID: ca71d967-39f0-44af-b000-84f1b22f67f5, URL: /favicon.ico, Method: GET, Timestamp: 2024-10-12T12:16:57.763Z
User ID: 139a2b18-cf91-420f-87df-94142decaa24, URL: /, Method: GET, Timestamp: 2024-10-12T12:17:40.236Z
User ID: 0e0d7caa-b6b4-4a9a-8587-473a231f6314, URL: /login, Method: POST, Timestamp: 2024-10-12T12:19:57.257Z
User ID: a967bcd7-2d4c-4276-b0dc-3a315475e065, URL: /verify-email, Method: POST, Timestamp: 2024-10-12T12:25:04.531Z
User ID: 717ee7af-bc3e-4430-9dd2-5bcc3565261a, URL: /reset-password, Method: POST, Timestamp: 2024-10-12T12:25:12.414Z
User ID: a76b49c0-9def-48fb-8978-656484b41e44, URL: /login, Method: POST, Timestamp: 2024-10-12T12:25:22.972Z
User ID: 24c1a699-8368-466e-b870-f68d90cd547a, URL: /login, Method: POST, Timestamp: 2024-10-12T12:25:28.374Z
User ID: a27b9206-a702-4871-b982-d99d92353ed8, URL: /verify-email, Method: POST, Timestamp: 2024-10-12T12:25:56.018Z
User ID: a44d8137-5ce4-489e-8d23-fe10150e1ba7, URL: /reset-password, Method: POST, Timestamp: 2024-10-12T12:26:02.666Z
User ID: a8f9d4ec-3f06-4c32-88cb-b9f8b7f5d065, URL: /login, Method: POST, Timestamp: 2024-10-12T12:26:14.663Z
User ID: 9ea8009c-9ee3-4451-9f1e-96286f8cae4e, URL: /login, Method: POST, Timestamp: 2024-10-12T12:26:18.235Z
User ID: 0b77ea91-2ab5-45e5-ad37-e452a209675d, URL: /verify-email, Method: POST, Timestamp: 2024-10-12T12:26:31.270Z
User ID: 19d7e329-0086-4e6e-93cb-0db3a35db33a, URL: /reset-password, Method: POST, Timestamp: 2024-10-12T12:26:43.138Z
User ID: 1c6b18e2-b967-491a-b3d0-704cebdd6d1e, URL: /verify-email, Method: POST, Timestamp: 2024-10-12T12:26:48.410Z
User ID: ed026841-bd22-41c6-a75d-661e81a5a916, URL: /login, Method: POST, Timestamp: 2024-10-12T12:26:55.834Z
User ID: afd75b84-a41a-4cdf-b31b-a334ac6cfcf5, URL: /submit, Method: POST, Timestamp: 2024-10-12T12:28:45.645Z
User ID: 981f5057-11ae-4241-91a0-d15772b9e71a, URL: /submit, Method: POST, Timestamp: 2024-10-12T12:32:33.716Z
User ID: edf63c82-d7e2-4bca-a71a-7490d791696f, URL: /submit, Method: POST, Timestamp: 2024-10-12T12:33:07.693Z
User ID: c32917a3-ff94-4e8d-bd4c-05319e902302, URL: /submit, Method: POST, Timestamp: 2024-10-12T12:34:56.146Z
User ID: aacce601-e721-4ad9-8a16-8b2385600570, URL: /submit, Method: POST, Timestamp: 2024-10-12T12:36:00.775Z
User ID: fb983bf6-08a9-4b55-baec-867090c56b11, URL: /submit, Method: POST, Timestamp: 2024-10-12T12:40:10.327Z
User ID: 60c4fa4b-00e8-4bfa-8481-8e7835ed09e3, URL: /data, Method: GET, Timestamp: 2024-10-12T12:42:59.042Z
User ID: b6db95ec-7fa0-4aa9-b03e-114531b1bb4e, URL: /data, Method: GET, Timestamp: 2024-10-12T12:43:58.844Z
User ID: 19bfa8e7-7883-47b4-a8c7-17fac06e611f, URL: /data, Method: GET, Timestamp: 2024-10-12T12:44:00.089Z
User ID: 2a2ad12f-1ccd-418a-9efb-a34208452c30, URL: /submit, Method: POST, Timestamp: 2024-10-12T12:44:10.441Z
User ID: 33d55d48-b353-40e5-983d-eef5b7c64d7f, URL: /data, Method: GET, Timestamp: 2024-10-12T12:44:22.222Z
User ID: 9f4c8fdc-dcd7-4a26-9dd7-0a9faa3a952e, URL: /data, Method: GET, Timestamp: 2024-10-12T12:44:53.578Z
User ID: 9b1f781f-27df-4384-b20a-b9dc0fef2e47, URL: /data, Method: GET, Timestamp: 2024-10-12T12:45:19.935Z
User ID: 4b84ea7a-650c-424f-8e73-f68974118f22, URL: /data, Method: GET, Timestamp: 2024-10-13T01:17:42.192Z
User ID: a13538bb-c647-44fc-ad80-a09aa61aca0a, URL: /submit, Method: POST, Timestamp: 2024-10-13T01:17:54.413Z
User ID: 0ff3cc51-b2fa-4d72-8240-a2b923bf8196, URL: /data, Method: GET, Timestamp: 2024-10-13T01:25:10.400Z
User ID: 54aedee5-905b-4957-a1e4-a8567e1ed177, URL: /data, Method: GET, Timestamp: 2024-10-13T01:25:12.648Z
User ID: 259996df-18c6-47fb-99ba-143c07f620e9, URL: /data, Method: GET, Timestamp: 2024-10-13T01:25:36.109Z
User ID: c1c8b2e1-16b6-4447-b3c3-477c8046edec, URL: /data, Method: GET, Timestamp: 2024-10-13T01:25:54.790Z
User ID: 0a23e67c-9896-4139-9d34-6a428e9cb69e, URL: /data, Method: GET, Timestamp: 2024-10-13T01:26:15.527Z
User ID: 1d4fb9d0-a08e-4e75-8da0-420162b26e56, URL: /login, Method: POST, Timestamp: 2024-10-13T01:27:06.618Z
User ID: 6589d404-b795-4e3d-9588-2fc8e89ab431, URL: /data, Method: GET, Timestamp: 2024-10-13T01:27:07.855Z
User ID: 9b768298-6d7d-40a7-ac7b-3f631dc1489f, URL: /data, Method: GET, Timestamp: 2024-10-13T01:27:17.936Z
User ID: 8d3d4623-996d-4178-b143-bc8cbb7da287, URL: /data, Method: GET, Timestamp: 2024-10-13T01:27:21.713Z
User ID: 61f65794-a1a1-4f2a-a63a-e6db8067ead6, URL: /data, Method: GET, Timestamp: 2024-10-13T01:27:26.344Z
User ID: 4b5b1bdb-ba3e-431f-ad15-91facacad119, URL: /data, Method: GET, Timestamp: 2024-10-13T01:28:45.043Z
User ID: 95509414-b836-498e-981c-782553c3dce7, URL: /data, Method: GET, Timestamp: 2024-10-13T01:29:18.612Z
User ID: 6389ee2c-6536-48b1-b799-8e4e57d6b48e, URL: /data, Method: GET, Timestamp: 2024-10-13T01:30:08.134Z
User ID: 30c3f69a-fc4a-4be3-a69c-74e661b9a97e, URL: /data, Method: GET, Timestamp: 2024-10-13T01:31:28.715Z
User ID: 9842236e-3ebf-4315-bec0-4a2bbbe079ae, URL: /data, Method: GET, Timestamp: 2024-10-13T01:32:49.683Z
User ID: 23e582b9-b394-47a8-b1b0-6ee45012e38f, URL: /submit, Method: POST, Timestamp: 2024-10-13T01:33:00.297Z
User ID: 165a84dc-d586-4bf2-8f49-528d184a2897, URL: /data, Method: GET, Timestamp: 2024-10-13T01:33:06.050Z
User ID: 3fd0dfc8-85d4-41d1-bb35-2b9d4d93e8f3, URL: /data, Method: GET, Timestamp: 2024-10-13T01:33:16.631Z
User ID: 39c5314d-1dec-49b3-9376-cfac8c1373b0, URL: /data, Method: GET, Timestamp: 2024-10-13T01:33:26.732Z
User ID: 1fd42b68-fc00-41c8-9566-33de44938402, URL: /submit, Method: POST, Timestamp: 2024-10-13T01:33:34.729Z
User ID: 4a90be9f-6eb2-4ce5-8f15-afd04b90ae08, URL: /data, Method: GET, Timestamp: 2024-10-13T01:34:39.197Z
User ID: 3efaa5b7-7dfc-413e-a1eb-40cca59230cf, URL: /data, Method: GET, Timestamp: 2024-10-13T01:35:06.950Z
User ID: 69b114c3-4d5d-4023-9a01-4ff74480a52f, URL: /data, Method: GET, Timestamp: 2024-10-13T01:35:19.609Z
User ID: 2f41e54c-5605-4bb2-9102-c173427af2ad, URL: /data, Method: GET, Timestamp: 2024-10-13T01:36:30.704Z
User ID: fa3aaea2-07e2-4046-8b78-823e0e75ef58, URL: /data, Method: GET, Timestamp: 2024-10-13T01:43:57.437Z
User ID: a6d4265f-e7f6-45a5-a416-752f990d81aa, URL: /data, Method: GET, Timestamp: 2024-10-13T01:44:02.344Z
User ID: 0a881f6f-24a4-4cac-a1bd-e9ed30fff082, URL: /data, Method: GET, Timestamp: 2024-10-13T01:44:15.592Z
User ID: a58d33e0-3ae5-4125-ad48-878f8962f55a, URL: /data, Method: GET, Timestamp: 2024-10-13T01:44:40.351Z
User ID: 1c2c3feb-e642-440d-ac49-2da6e0a48cbd, URL: /data, Method: GET, Timestamp: 2024-10-13T01:46:45.171Z
User ID: 5dd90283-f1f5-47b2-9b6b-bda3eb084252, URL: /data, Method: GET, Timestamp: 2024-10-13T01:48:03.790Z
User ID: 1fb478e1-2ab0-47b2-9d51-b9fd7f3a28d5, URL: /data, Method: GET, Timestamp: 2024-10-13T01:48:15.123Z
User ID: d3b6d5e8-d040-4665-ba30-c0206f600948, URL: /data, Method: GET, Timestamp: 2024-10-13T01:52:13.853Z
User ID: 6bc443ae-9011-4d30-9caf-4a103ef31491, URL: /data, Method: GET, Timestamp: 2024-10-13T01:52:25.926Z
User ID: 3e048897-e13f-4ccc-82a0-221626c1471e, URL: /data, Method: GET, Timestamp: 2024-10-13T01:57:28.940Z
User ID: b4abc94d-34ed-44e9-bbcc-66a36bc233b4, URL: /data, Method: GET, Timestamp: 2024-10-13T01:59:06.774Z
User ID: 76796346-9c49-476d-a6b7-c4f4dc5f2645, URL: /data, Method: GET, Timestamp: 2024-10-13T01:59:08.998Z
User ID: 9743640f-70cb-43f2-bc96-c033620b25ab, URL: /data, Method: GET, Timestamp: 2024-10-13T02:01:03.180Z
User ID: f3c80202-3002-479f-9069-6023c63fd7df, URL: /data, Method: GET, Timestamp: 2024-10-13T02:01:09.115Z
User ID: a27e6fa5-90de-4b80-9e47-d1918fa5211e, URL: /data, Method: GET, Timestamp: 2024-10-13T02:01:11.604Z
User ID: f2fd238e-4da3-461b-8074-6fb192790f90, URL: /submit, Method: POST, Timestamp: 2024-10-13T02:01:17.957Z
User ID: 2985ab39-f285-4e9b-9842-49eaa1e20c21, URL: /data, Method: GET, Timestamp: 2024-10-13T02:02:51.568Z
User ID: e96ebd1e-7c82-4594-a9b3-f66954fafdb4, URL: /submit, Method: POST, Timestamp: 2024-10-13T02:03:11.674Z
User ID: 5db57c47-1e4c-4744-87a3-296160e48690, URL: /data, Method: GET, Timestamp: 2024-10-13T02:04:04.079Z
User ID: 0e01c2bb-fa0e-44bc-b086-719228f52c0d, URL: /data, Method: GET, Timestamp: 2024-10-13T02:04:17.960Z
User ID: e04fa5a8-3598-43ad-9cfe-0da117b4155b, URL: /submit, Method: POST, Timestamp: 2024-10-13T02:04:25.475Z
User ID: 6ceacd94-1197-450d-8859-6048b5095e06, URL: /submit, Method: POST, Timestamp: 2024-10-13T02:04:36.336Z
User ID: db499605-1663-4b10-bf34-61928a9cf755, URL: /data, Method: GET, Timestamp: 2024-10-13T02:06:35.226Z
User ID: 012a4815-0bf5-4370-9685-baad36758655, URL: /data, Method: GET, Timestamp: 2024-10-13T02:06:48.820Z
User ID: 93592aaa-b56e-49f2-8faa-5bd19078cee8, URL: /data, Method: GET, Timestamp: 2024-10-13T02:06:54.905Z
User ID: 5a0c5959-614b-4695-9dee-86259b863715, URL: /data, Method: GET, Timestamp: 2024-10-13T02:07:27.444Z
User ID: 53e85f2c-8c6a-4417-875e-771a6c31ce24, URL: /data, Method: GET, Timestamp: 2024-10-13T02:07:52.658Z
User ID: caa084e5-56c3-4985-a59e-6db8212af71b, URL: /data, Method: GET, Timestamp: 2024-10-13T02:08:10.197Z
User ID: 9d1838b0-71c1-4df4-b638-fd3c25ebaa31, URL: /data, Method: GET, Timestamp: 2024-10-13T02:08:38.680Z
User ID: 95f00b15-505b-4483-b46e-509486cc06ec, URL: /data, Method: GET, Timestamp: 2024-10-13T02:08:56.138Z
User ID: c69652b8-337b-4ede-8393-142176270858, URL: /data, Method: GET, Timestamp: 2024-10-13T02:09:04.397Z
User ID: f408340d-37df-488a-a111-1ff3771a8894, URL: /data, Method: GET, Timestamp: 2024-10-13T02:09:18.072Z
User ID: a1e42a34-2d1b-4768-a84f-7e91d1dae891, URL: /data, Method: GET, Timestamp: 2024-10-13T02:09:28.025Z
User ID: b07ee11a-fc52-491f-94b3-5a724c3985d7, URL: /data, Method: GET, Timestamp: 2024-10-13T02:09:34.697Z
User ID: 6c030c63-f7e8-4ce4-9d27-59ea70d29da0, URL: /data, Method: GET, Timestamp: 2024-10-13T02:09:51.159Z
User ID: 852b6942-35ae-4b61-a7cc-359144705baa, URL: /data, Method: GET, Timestamp: 2024-10-13T02:09:59.599Z
User ID: caa31ca2-0b9e-4d23-914c-354921ae6f01, URL: /data, Method: GET, Timestamp: 2024-10-13T02:11:21.674Z
User ID: 1e932edb-c66c-4973-a0b6-969d67311b1a, URL: /submit, Method: POST, Timestamp: 2024-10-13T02:11:36.503Z
User ID: fd4c578f-6e01-4c20-acfd-4ec0d4cf4f94, URL: /data, Method: GET, Timestamp: 2024-10-13T02:11:54.632Z
User ID: 15f53a04-6a2c-462a-bdaf-c184edcc2372, URL: /data, Method: GET, Timestamp: 2024-10-13T02:12:34.731Z
User ID: e3af39f2-d10c-4c3c-95fe-886124ab9a90, URL: /data, Method: GET, Timestamp: 2024-10-13T02:12:56.082Z
User ID: b091ddf0-ffe7-44e9-8e6b-3441c4a6e132, URL: /data, Method: GET, Timestamp: 2024-10-13T02:13:08.598Z
User ID: 28ceb44b-663e-4f54-b96e-cf1599959933, URL: /data, Method: GET, Timestamp: 2024-10-13T02:13:37.022Z
User ID: b97cdae4-b6fc-4f91-8b83-5876415f2ae3, URL: /data, Method: GET, Timestamp: 2024-10-13T02:14:27.341Z
User ID: d4126448-0f9c-45f9-ad54-53e45005fc14, URL: /data, Method: GET, Timestamp: 2024-10-13T02:14:40.351Z
User ID: 1c8efe7f-82c8-478c-8b28-1eb2dd166e58, URL: /data, Method: GET, Timestamp: 2024-10-13T02:15:01.431Z
User ID: a2076dd0-58c7-42e1-8c08-cfba64d1e26a, URL: /data, Method: GET, Timestamp: 2024-10-13T02:15:13.008Z
User ID: abe52308-6341-4b79-9dfb-5d8eb09d483a, URL: /data, Method: GET, Timestamp: 2024-10-13T02:15:17.686Z
User ID: 4f500acb-d717-49e1-b4f7-d51115aacd7e, URL: /data, Method: GET, Timestamp: 2024-10-13T02:15:39.575Z
User ID: def12f6b-f853-4bc8-af30-848b8cca8002, URL: /data, Method: GET, Timestamp: 2024-10-13T02:15:51.607Z
User ID: 374adf76-a5f3-46c2-a062-ea1eaf33987f, URL: /data, Method: GET, Timestamp: 2024-10-13T02:16:01.390Z
User ID: 52f37c44-df33-4d3e-be93-31b282db52c5, URL: /data, Method: GET, Timestamp: 2024-10-13T02:16:37.436Z
User ID: 81b2f2c4-0153-4a7e-a338-8c5ac9e20779, URL: /data, Method: GET, Timestamp: 2024-10-13T02:17:04.290Z
User ID: e1fc5434-ea83-4672-ace6-bb1b41acb5e7, URL: /data, Method: GET, Timestamp: 2024-10-13T02:18:13.684Z
User ID: c6d3a226-fc49-4bc1-a44c-db48e01ac7b5, URL: /data, Method: GET, Timestamp: 2024-10-13T02:19:03.416Z
User ID: 17bc1349-d627-4563-ab86-9cd07bf94f98, URL: /data, Method: GET, Timestamp: 2024-10-13T02:51:03.171Z
User ID: 5f2f3a13-1df3-4392-a26f-183420c1e477, URL: /data, Method: GET, Timestamp: 2024-10-13T02:51:09.352Z
User ID: edbc996b-2291-4ac3-bec8-3e992a874e44, URL: /data, Method: GET, Timestamp: 2024-10-13T04:53:56.365Z
User ID: 478992a8-5594-4495-acd6-a521a4db197a, URL: /data, Method: GET, Timestamp: 2024-10-13T04:55:40.719Z
User ID: 9d20901e-d87e-4ffb-bf49-616131cf6c65, URL: /data, Method: GET, Timestamp: 2024-10-13T04:55:43.625Z
User ID: 8c0cd98f-e91b-4a74-8137-ed10061eb2ca, URL: /submit, Method: POST, Timestamp: 2024-10-13T04:55:53.204Z
User ID: fb047d3f-c24c-433a-a1a2-5da974e0d130, URL: /data, Method: GET, Timestamp: 2024-10-13T04:57:51.433Z
User ID: 413c8ef4-f9a1-4f27-a82e-7dea736eb403, URL: /data, Method: GET, Timestamp: 2024-10-13T04:58:10.529Z
User ID: dad770cb-2852-447b-88a4-ed60057ed7a2, URL: /data, Method: GET, Timestamp: 2024-10-13T05:01:38.679Z
User ID: 65ae18aa-916b-4c09-9069-79f35546e92e, URL: /data, Method: GET, Timestamp: 2024-10-13T05:05:43.180Z
User ID: cdb96e3f-b924-4ec2-bd06-c12e523f506d, URL: /submit, Method: POST, Timestamp: 2024-10-13T05:05:51.777Z
User ID: 08014cb7-8a79-47b8-ba21-21e0fb5ccf5b, URL: /data, Method: GET, Timestamp: 2024-10-13T05:06:39.297Z
User ID: 43ab5587-4154-4d00-a8a1-fba44ecd2522, URL: /submit, Method: POST, Timestamp: 2024-10-13T05:06:46.392Z
User ID: 719ca717-b19a-465a-ac05-cac2a1cbff89, URL: /data, Method: GET, Timestamp: 2024-10-13T05:07:08.454Z
User ID: 86c31bfc-a809-4114-8af4-710644a82cb6, URL: /submit, Method: POST, Timestamp: 2024-10-13T05:07:15.432Z
User ID: ddcb257c-bc7c-4da1-a992-c87015dcb388, URL: /login, Method: POST, Timestamp: 2024-10-13T05:07:24.541Z
User ID: 2329d621-22ec-4cca-b08a-9194fbd69536, URL: /data, Method: GET, Timestamp: 2024-10-13T05:07:26.433Z
User ID: a145cb40-7f72-4d3f-b0fe-b7ff5aad1c25, URL: /data, Method: GET, Timestamp: 2024-10-13T05:07:39.935Z
User ID: 6185ce15-1a56-4b8a-9f03-1f4ab7029c55, URL: /submit, Method: POST, Timestamp: 2024-10-13T05:07:46.696Z
User ID: eea61ea1-33a9-49cc-ab90-77d41eb1fa89, URL: /data, Method: GET, Timestamp: 2024-10-13T05:10:34.175Z
User ID: b6ac66ba-e6ba-48ce-a5c7-9e255c2fe66b, URL: /submit, Method: POST, Timestamp: 2024-10-13T05:10:40.698Z
User ID: dd3e1894-6a40-45c9-a7d2-6c1cdaff078e, URL: /data, Method: GET, Timestamp: 2024-10-13T05:18:44.478Z
User ID: f3d7740f-8fa2-4650-bd4f-817dddc8d761, URL: /submit, Method: POST, Timestamp: 2024-10-13T05:18:50.843Z
User ID: 9ae34cc8-8ac3-44e2-bdee-5da2b4c87200, URL: /food?meal=breakfast&calories=406.36, Method: GET, Timestamp: 2024-10-13T05:18:50.888Z
User ID: 8f6c2d16-47b4-4876-84d4-7b234d650b09, URL: /food?meal=lunch&calories=812.72, Method: GET, Timestamp: 2024-10-13T05:18:50.893Z
User ID: ac9be089-f9a6-4fe3-9bf0-b7017ce1a1fb, URL: /food?meal=dinner&calories=609.54, Method: GET, Timestamp: 2024-10-13T05:18:50.896Z
User ID: 91038ab5-929d-414f-8361-a599b31e2cc0, URL: /food?meal=breakfast&calories=406.36, Method: GET, Timestamp: 2024-10-13T05:18:50.900Z
User ID: 932907c8-de05-477f-8270-e04e4bcc54a1, URL: /food?meal=snacks&calories=203.18, Method: GET, Timestamp: 2024-10-13T05:18:50.904Z
User ID: db381cad-4343-4dd5-8a82-4a2976d28b62, URL: /food?meal=lunch&calories=812.72, Method: GET, Timestamp: 2024-10-13T05:18:50.908Z
User ID: 2b1c2a57-e79c-439a-abb3-282c30257489, URL: /food?meal=dinner&calories=609.54, Method: GET, Timestamp: 2024-10-13T05:18:50.912Z
User ID: 26c4a345-fa9a-40a5-b225-bafda407e0fd, URL: /food?meal=breakfast&calories=406.36, Method: GET, Timestamp: 2024-10-13T05:18:50.916Z
User ID: 539957cb-2046-4439-a80d-5894b8b290a6, URL: /food?meal=snacks&calories=203.18, Method: GET, Timestamp: 2024-10-13T05:18:50.919Z
User ID: 0ec898ae-2bf2-465c-a3e7-af50bb53c662, URL: /food?meal=lunch&calories=812.72, Method: GET, Timestamp: 2024-10-13T05:18:50.924Z
User ID: 1b18d3dc-0206-4d86-abba-47a6b68846ac, URL: /food?meal=dinner&calories=609.54, Method: GET, Timestamp: 2024-10-13T05:18:50.927Z
User ID: 04f5a65d-9210-490a-b09c-84703dac3f48, URL: /food?meal=breakfast&calories=406.36, Method: GET, Timestamp: 2024-10-13T05:18:50.930Z
User ID: 75efb692-09c3-47a3-a711-f5b618c458ff, URL: /food?meal=snacks&calories=203.18, Method: GET, Timestamp: 2024-10-13T05:18:50.934Z
User ID: bea25ea7-04f6-4a3e-a3bd-1f7c567b48a8, URL: /food?meal=lunch&calories=812.72, Method: GET, Timestamp: 2024-10-13T05:18:50.937Z
User ID: 6d64a125-c1c6-45c4-8392-7ae6ba4b4e41, URL: /food?meal=dinner&calories=609.54, Method: GET, Timestamp: 2024-10-13T05:18:50.942Z
User ID: c120fd90-ddad-446d-97cf-1c58823c2c9e, URL: /food?meal=breakfast&calories=406.36, Method: GET, Timestamp: 2024-10-13T05:18:50.946Z
User ID: f2d1810b-3c80-411f-b2f6-87c35d42623f, URL: /food?meal=lunch&calories=812.72, Method: GET, Timestamp: 2024-10-13T05:18:50.955Z
User ID: 3fd3cee0-2006-481e-8839-b48f7b37bc21, URL: /food?meal=snacks&calories=203.18, Method: GET, Timestamp: 2024-10-13T05:18:50.951Z
User ID: 375844c9-8ea7-4c53-9379-dac6e55acee6, URL: /food?meal=dinner&calories=609.54, Method: GET, Timestamp: 2024-10-13T05:18:50.958Z
User ID: 9614708d-9817-4d61-8c77-9a157edf0423, URL: /food?meal=breakfast&calories=406.36, Method: GET, Timestamp: 2024-10-13T05:18:50.962Z
User ID: c51a28c9-3062-4be7-a5d2-38fecea5c3f4, URL: /food?meal=snacks&calories=203.18, Method: GET, Timestamp: 2024-10-13T05:18:50.964Z
User ID: 85d5ace7-06c1-469b-a081-19ddd340e67e, URL: /food?meal=lunch&calories=812.72, Method: GET, Timestamp: 2024-10-13T05:18:50.968Z
User ID: a29782f7-3356-44ac-9581-06a277d92c3b, URL: /food?meal=dinner&calories=609.54, Method: GET, Timestamp: 2024-10-13T05:18:50.970Z
User ID: f4337e42-af80-43e4-bc47-370ee4929705, URL: /food?meal=breakfast&calories=406.36, Method: GET, Timestamp: 2024-10-13T05:18:50.973Z
User ID: 8aa617a8-f390-42eb-825f-7f70c201c3b8, URL: /food?meal=snacks&calories=203.18, Method: GET, Timestamp: 2024-10-13T05:18:50.976Z
User ID: c78df7f9-ee3f-454e-bec8-b52b583ec524, URL: /food?meal=lunch&calories=812.72, Method: GET, Timestamp: 2024-10-13T05:18:50.978Z
User ID: 40c3c932-8b33-4a86-9429-d9ea8cb21e09, URL: /food?meal=dinner&calories=609.54, Method: GET, Timestamp: 2024-10-13T05:18:50.981Z
User ID: 911a3b1a-8677-48b8-bb8f-aa92caa7ed24, URL: /food?meal=snacks&calories=203.18, Method: GET, Timestamp: 2024-10-13T05:18:50.985Z
User ID: 8a09c84b-37fb-462c-ab70-299998344bb4, URL: /data, Method: GET, Timestamp: 2024-10-13T05:19:08.657Z
User ID: e03aa974-5bbb-434e-8825-3102712ceb21, URL: /submit, Method: POST, Timestamp: 2024-10-13T05:19:17.701Z
User ID: 0fd65930-530d-4ae7-b908-92d07241e479, URL: /data, Method: GET, Timestamp: 2024-10-13T05:26:02.050Z
User ID: b962db6f-6109-4102-96a1-bbc40e962cca, URL: /submit, Method: POST, Timestamp: 2024-10-13T05:26:11.443Z
User ID: 543cf9de-025f-45ee-be97-ba1ddf2c6909, URL: /data, Method: GET, Timestamp: 2024-10-15T06:09:08.601Z
User ID: ff327db1-5a6c-4850-8501-11cd3ea2c4e3, URL: /register, Method: POST, Timestamp: 2024-10-15T06:10:22.186Z
User ID: 50b6897e-79ec-40fb-a8a5-dd5200eaa614, URL: /login, Method: POST, Timestamp: 2024-10-15T06:10:38.650Z
User ID: 951f9631-57ab-46d9-b470-6f94a4d3888a, URL: /data, Method: GET, Timestamp: 2024-10-15T06:10:41.535Z
User ID: 70e1ba9f-e245-4193-80f1-19067569d72f, URL: /data, Method: GET, Timestamp: 2024-10-15T06:11:00.103Z
User ID: c11c572a-41c8-40e9-aa78-36f643656ba2, URL: /data, Method: GET, Timestamp: 2024-10-15T06:11:08.837Z
User ID: f17ed955-8165-4853-91bc-b34ba9d780c2, URL: /submit, Method: POST, Timestamp: 2024-10-15T06:11:28.827Z
User ID: 69eaff8a-c4a2-426e-80fe-b8b961497fe1, URL: /data, Method: GET, Timestamp: 2024-10-15T06:12:34.642Z
User ID: 7b2d950e-414a-4757-a3b9-08d0c1772c2a, URL: /login, Method: POST, Timestamp: 2024-10-15T06:14:41.069Z
User ID: ee8a9fc6-4c61-4c2e-9074-eccd3aa8d5b6, URL: /data, Method: GET, Timestamp: 2024-10-15T06:14:42.786Z
User ID: 42ef6078-3d1b-4579-9225-aa6a85928672, URL: /data, Method: GET, Timestamp: 2024-10-15T06:15:31.876Z
User ID: 1a9000db-f67b-4d22-b3b9-b8d8b89d7a67, URL: /data, Method: GET, Timestamp: 2024-10-15T06:16:14.130Z
User ID: 5d4b4235-250a-4306-b2c0-2647e724b809, URL: /data, Method: GET, Timestamp: 2024-10-17T14:56:42.971Z
User ID: d97890d1-dba4-461c-ab16-8bcb749bed99, URL: /data, Method: GET, Timestamp: 2024-10-17T14:58:00.164Z
User ID: e621baef-0b03-46bc-930a-8e9e824a9bbe, URL: /data, Method: GET, Timestamp: 2024-10-17T14:58:09.445Z
User ID: bb670bca-4dcf-41a4-b459-730daadb8f57, URL: /data, Method: GET, Timestamp: 2024-10-17T14:58:25.692Z
User ID: 8d140430-7ced-42a7-947e-71cbe4dc9554, URL: /submit, Method: POST, Timestamp: 2024-10-17T14:58:38.459Z
User ID: 2acedeab-feef-4ad1-862a-2ee39de944b2, URL: /data, Method: GET, Timestamp: 2024-10-17T14:59:00.814Z
User ID: 047cb495-69d3-451a-88ba-664e2b8ba321, URL: /data, Method: GET, Timestamp: 2024-10-17T15:04:57.301Z
User ID: dc18f50b-f06f-487f-a9bb-f1eeee3cf381, URL: /data, Method: GET, Timestamp: 2024-10-17T15:06:19.540Z
User ID: 631bf068-7a5d-40e7-9ea9-673789202c4d, URL: /data, Method: GET, Timestamp: 2024-10-17T15:07:13.734Z
User ID: c6baeec6-693b-4c15-8fd5-354566073f8b, URL: /submit, Method: POST, Timestamp: 2024-10-17T15:07:40.984Z
User ID: 461ab241-d552-46d3-b95e-882fcfb902ec, URL: /data, Method: GET, Timestamp: 2024-10-17T15:09:02.751Z
User ID: 6d720831-c4ab-4a01-b235-da4b3adaca42, URL: /submit, Method: POST, Timestamp: 2024-10-17T15:09:11.846Z
User ID: dde44eb5-c477-425d-84a0-e0cfdbc3994a, URL: /data, Method: GET, Timestamp: 2024-10-17T15:09:31.302Z
User ID: 3fdb504b-f4f1-4605-82f6-50f9b477d0a5, URL: /data, Method: GET, Timestamp: 2024-10-17T15:11:37.826Z
User ID: 7ff77afd-2bd2-4ee5-ba94-ff2dd4e72804, URL: /data, Method: GET, Timestamp: 2024-10-17T15:11:46.654Z
User ID: e80ba538-d16c-4261-a194-8e7423f19137, URL: /data, Method: GET, Timestamp: 2024-10-18T06:43:41.739Z
User ID: 0d66ab00-1d6b-4621-a439-963328c6efe9, URL: /data, Method: GET, Timestamp: 2024-10-18T06:45:41.510Z
User ID: 6ba522ec-7354-4a72-b0d3-e7c466035cd2, URL: /data, Method: GET, Timestamp: 2024-10-18T06:46:35.927Z
User ID: 1ec22dd8-de3c-4dab-ac99-3038983ba4a3, URL: /data, Method: GET, Timestamp: 2024-10-18T06:48:08.641Z
User ID: 1e9516d2-2471-4ac6-9be4-1532adb8e89e, URL: /data, Method: GET, Timestamp: 2024-10-18T06:48:10.579Z
User ID: 2aa65a03-cbf5-48a0-b7c9-e44fceb6d2b1, URL: /data, Method: GET, Timestamp: 2024-10-18T06:48:26.682Z
User ID: 878fbc5d-614f-4671-853f-aee575cfbdec, URL: /data, Method: GET, Timestamp: 2024-10-18T06:58:16.440Z
User ID: 1ab6dfc5-1d50-4c5a-97fb-c3e3b1769e52, URL: /data, Method: GET, Timestamp: 2024-10-18T07:18:00.300Z
User ID: a63a2dd9-41a9-4c44-9c68-be66c431c843, URL: /submit, Method: POST, Timestamp: 2024-10-18T07:18:10.399Z
User ID: fd3db18c-e783-416a-a66e-308ed9f297c8, URL: /data, Method: GET, Timestamp: 2024-10-18T07:18:27.333Z
User ID: 74733d49-4acf-4102-9777-fc29078d383c, URL: /submit, Method: POST, Timestamp: 2024-10-18T07:18:40.231Z
User ID: c0e07bd5-e471-4bf6-b506-ccdbd4061b39, URL: /data, Method: GET, Timestamp: 2024-10-18T07:18:50.897Z
User ID: 43e67e51-61f8-4dfe-a55a-88832c6d1796, URL: /data, Method: GET, Timestamp: 2024-10-18T07:22:33.704Z
User ID: 9a382089-e68e-4934-a827-efaf25dce7e0, URL: /data, Method: GET, Timestamp: 2024-10-18T07:29:12.271Z
User ID: 4d72dd9d-fcd9-43ad-b60f-a1c5493fa80e, URL: /login, Method: POST, Timestamp: 2024-10-18T07:30:51.985Z
User ID: 12250f58-90ee-4952-a397-7858b33beedb, URL: /data, Method: GET, Timestamp: 2024-10-18T07:31:07.302Z
User ID: df1f77e1-e986-45d7-9bb5-b8dc76531568, URL: /submit, Method: POST, Timestamp: 2024-10-18T07:31:19.120Z
User ID: 23e079c8-f955-4ba0-a83f-7c02797fbd81, URL: /data, Method: GET, Timestamp: 2024-10-18T07:43:11.768Z
User ID: 5ada5a30-ddde-49fc-9eda-7c2561647d17, URL: /data, Method: GET, Timestamp: 2024-10-18T07:43:16.374Z
User ID: 2d5dd948-7a56-4b65-bdbc-297fe02c591b, URL: /data, Method: GET, Timestamp: 2024-10-18T07:49:41.894Z
User ID: b61ffbe3-a1f4-43e2-959a-41855098a87f, URL: /data, Method: GET, Timestamp: 2024-10-18T07:57:10.226Z
User ID: e5bbf4ce-c189-4493-bf0b-5d3aba2bc649, URL: /register, Method: POST, Timestamp: 2024-10-18T08:00:34.733Z
User ID: a94be2da-542e-4520-90f9-d27e3ce048a6, URL: /login, Method: POST, Timestamp: 2024-10-18T08:01:00.738Z
User ID: 378c7440-c91a-4e09-a8e1-05fb271b74f3, URL: /data, Method: GET, Timestamp: 2024-10-18T08:02:21.375Z
User ID: 3e2919a8-eeb8-4f8e-a78e-968a64c759aa, URL: /submit, Method: POST, Timestamp: 2024-10-18T08:02:44.030Z
User ID: abca5c1a-d160-4e3c-9a1a-5ae7425a10eb, URL: /submit, Method: POST, Timestamp: 2024-10-18T08:03:36.397Z
User ID: 9fc6f20a-0d01-443a-8a94-71c6fd9ad958, URL: /verify-email, Method: POST, Timestamp: 2024-10-18T08:38:45.938Z
User ID: cb95747f-4128-4fa1-b3e6-011f843b702b, URL: /verify-email, Method: POST, Timestamp: 2024-10-18T08:39:09.107Z
User ID: af5d6d0f-89db-486e-93a1-02dd262ae3b2, URL: /reset-password, Method: POST, Timestamp: 2024-10-18T08:39:18.021Z
User ID: 800b5e23-da68-40a7-a3b1-c2d9f2d91bfa, URL: /data, Method: GET, Timestamp: 2024-10-18T09:06:16.837Z
User ID: ae4a39cd-cf0a-413b-b370-260afabf8376, URL: /data, Method: GET, Timestamp: 2024-10-18T09:06:19.348Z
User ID: 96121ddc-d4df-49a0-87b1-07201d561c05, URL: /data, Method: GET, Timestamp: 2024-10-18T09:24:14.126Z
User ID: 2d1fc9c8-7d5a-49df-8f47-e43a50fc08bc, URL: /data, Method: GET, Timestamp: 2024-10-21T03:09:36.816Z
User ID: e62b736e-7077-4946-94ff-bdf5dab8cf5e, URL: /ws, Method: GET, Timestamp: 2024-10-21T03:42:42.832Z
User ID: 2486c7ec-02cf-4fa1-9c84-7c4868c49968, URL: /manifest.json, Method: GET, Timestamp: 2024-10-21T03:42:43.108Z
User ID: 66f9e2ef-3cd8-4571-8ea0-bdf5f01012d3, URL: /ws, Method: GET, Timestamp: 2024-10-21T03:42:44.194Z
User ID: 5c90d1cc-8985-4fd0-b11f-6d987b521ea9, URL: /ws, Method: GET, Timestamp: 2024-10-21T03:42:46.295Z
User ID: 0a467493-f58f-4121-bb03-20d733dd7d1c, URL: /ws, Method: GET, Timestamp: 2024-10-21T03:42:51.301Z
User ID: 53679e13-acdb-4e96-8801-72f1889f3458, URL: /ws, Method: GET, Timestamp: 2024-10-21T03:42:59.392Z
User ID: ddd07851-aa8a-450f-bc96-b5f6802a5a33, URL: /ws, Method: GET, Timestamp: 2024-10-21T03:43:15.518Z
User ID: c57cbb69-f902-4f35-b6ba-ea970bee94f0, URL: /login, Method: GET, Timestamp: 2024-10-21T03:43:16.495Z
User ID: baa454c1-71e2-4406-8bb5-bb6c134cbefe, URL: /login, Method: GET, Timestamp: 2024-10-21T03:43:17.853Z
User ID: c86bb303-3764-4134-8795-0715dfc595dd, URL: /login, Method: GET, Timestamp: 2024-10-21T03:43:20.967Z
User ID: 863ee3f7-45e7-4cf4-a2ff-6723aab7cab0, URL: /login, Method: POST, Timestamp: 2024-10-21T03:53:54.440Z
User ID: 6384b6cf-1041-4d72-a093-c11e451cbf55, URL: /login, Method: POST, Timestamp: 2024-10-21T03:57:00.518Z
User ID: d285adc8-b6a4-479c-81cf-87224c66f49c, URL: /login, Method: POST, Timestamp: 2024-10-21T03:59:08.469Z
User ID: 16743969-def0-4d8e-90a2-229828edc993, URL: /login, Method: POST, Timestamp: 2024-10-21T03:59:16.859Z
User ID: 95c71eba-1718-4e0e-b657-ae45a957f74a, URL: /login, Method: POST, Timestamp: 2024-10-21T04:00:19.274Z
User ID: d5a08be8-27c4-4f89-93b9-0962b6da5369, URL: /login, Method: POST, Timestamp: 2024-10-21T04:02:13.892Z
User ID: d42a254b-694a-4b39-94f3-36262afb5758, URL: /login, Method: POST, Timestamp: 2024-10-21T04:06:00.936Z
User ID: f774e2d8-4e24-46af-bd7c-a3db6bb88156, URL: /verify-email, Method: POST, Timestamp: 2024-10-21T04:16:44.051Z
User ID: 2b1d341e-e703-46d0-8aba-114fc2516352, URL: /reset-password, Method: POST, Timestamp: 2024-10-21T04:16:51.445Z
User ID: 831dd63f-7b66-4761-b306-bb04dfd27061, URL: /data, Method: GET, Timestamp: 2024-10-21T13:45:48.198Z
User ID: c845bc0d-ba6f-4668-a9ad-bdcddd081558, URL: /data, Method: GET, Timestamp: 2024-10-21T13:46:24.155Z
User ID: 55d5974e-e7bb-4e33-8ddf-bf0c4e5998a1, URL: /register, Method: POST, Timestamp: 2024-10-22T16:11:17.927Z
User ID: e1c62081-5ca0-4dc5-9989-b25073633be7, URL: /data, Method: GET, Timestamp: 2024-10-22T16:19:23.407Z
User ID: 6d487c92-54cb-444e-a615-5f38a7b46113, URL: /data, Method: GET, Timestamp: 2024-10-22T16:19:33.422Z
User ID: 823041b8-cf1f-47d9-87e1-0798c8ccb698, URL: /data, Method: GET, Timestamp: 2024-10-22T16:20:02.726Z
User ID: dd3fc8eb-016b-4dfd-851f-bc698ba5b7d4, URL: /data, Method: GET, Timestamp: 2024-10-22T16:20:26.125Z
User ID: d780e89a-aa7d-4305-a15d-d92601cb6950, URL: /data, Method: GET, Timestamp: 2024-10-22T16:23:07.490Z
User ID: 73408bcf-6972-47e8-8b33-a8faadabbb3e, URL: /data, Method: GET, Timestamp: 2024-10-22T16:23:27.417Z
User ID: c0714009-d208-4a46-a0c4-eec31adfbfe8, URL: /data, Method: GET, Timestamp: 2024-10-22T16:27:09.479Z
User ID: dc60d1ff-bb7a-4f3a-a9cb-7fa4ba435696, URL: /submit, Method: POST, Timestamp: 2024-10-22T16:27:29.320Z
User ID: 147b9cc2-48fa-4f42-8b14-7271f6eecd0a, URL: /data, Method: GET, Timestamp: 2024-10-22T16:30:34.308Z
User ID: f5bc9306-718f-47cf-9db8-d465d8eb3ef2, URL: /data, Method: GET, Timestamp: 2024-10-22T16:31:49.084Z
User ID: 1e2411fd-07c0-48a7-9f1f-ad057be260a8, URL: /data, Method: GET, Timestamp: 2024-10-22T16:32:17.628Z
User ID: 82236444-8b93-4cc6-ad45-d558aaae8d56, URL: /data, Method: GET, Timestamp: 2024-10-22T16:32:27.640Z
User ID: 7c4f187f-6405-4b80-b31d-8b773fff866e, URL: /data, Method: GET, Timestamp: 2024-10-22T16:32:53.821Z
User ID: 0be23a82-086f-4d00-ab00-cdbb5ff42aa8, URL: /data, Method: GET, Timestamp: 2024-10-22T16:32:57.484Z
User ID: e4aa5e27-992c-4824-bcc0-ef7b714cedc8, URL: /data, Method: GET, Timestamp: 2024-10-22T16:33:01.772Z
User ID: 547ae845-7f7a-4bc4-930a-2f2ebff4c316, URL: /data, Method: GET, Timestamp: 2024-10-22T16:34:47.680Z
User ID: 0f7b53a4-141d-4db2-8958-35b05bdcd6b4, URL: /data, Method: GET, Timestamp: 2024-10-22T16:35:02.831Z
User ID: 234497e0-dcb7-4611-a7d2-44553dcfd09f, URL: /data, Method: GET, Timestamp: 2024-10-22T16:36:28.002Z
User ID: f19f3768-1ee8-4f8d-8c66-8353caeac1de, URL: /data, Method: GET, Timestamp: 2024-10-22T16:36:44.019Z
User ID: 4bb3f870-ed69-4386-888c-77c84da5acec, URL: /data, Method: GET, Timestamp: 2024-10-22T16:40:00.111Z
User ID: 77d6c9c9-bd56-436c-b764-6db9e3e1bd81, URL: /data, Method: GET, Timestamp: 2024-10-22T16:40:43.289Z
User ID: 2ee0c121-9211-49c0-bc10-ce672e383978, URL: /data, Method: GET, Timestamp: 2024-10-22T16:41:11.838Z
User ID: bfdfe91a-32c3-41e1-9853-9b329cd87d06, URL: /data, Method: GET, Timestamp: 2024-10-22T16:41:29.170Z
User ID: 4e9d3974-d6d1-4a94-a38e-6305e44da584, URL: /data, Method: GET, Timestamp: 2024-10-22T16:42:19.345Z
User ID: 92b8a995-b775-477e-9a77-7c7008900193, URL: /data, Method: GET, Timestamp: 2024-10-22T16:42:25.114Z
User ID: 65a7d901-4e63-42b2-a6df-a17a2e1b3144, URL: /data, Method: GET, Timestamp: 2024-10-22T16:42:31.546Z
User ID: 97cfe9cf-840a-40bf-8bf6-17615ee8a685, URL: /data, Method: GET, Timestamp: 2024-10-22T16:42:38.351Z
User ID: 380fbe09-e067-4924-9578-5e509e2761d0, URL: /data, Method: GET, Timestamp: 2024-10-22T16:42:45.200Z
User ID: 847e1546-67f1-40e8-8607-ea541ad14f7b, URL: /data, Method: GET, Timestamp: 2024-10-22T16:42:49.012Z
User ID: 92631dcb-be9b-4027-a2dd-c3b945787d05, URL: /data, Method: GET, Timestamp: 2024-10-22T16:42:57.312Z
User ID: ef471634-4ccc-46a5-b550-2fd00be1d896, URL: /data, Method: GET, Timestamp: 2024-10-22T16:43:02.158Z
User ID: 4d07912b-8067-418a-9e10-e51f1ea0484b, URL: /data, Method: GET, Timestamp: 2024-10-22T16:43:06.085Z
User ID: d7e79e68-3e1c-4a35-b137-66f7e6e69f82, URL: /data, Method: GET, Timestamp: 2024-10-22T16:43:14.549Z
User ID: dbe8c25a-33d8-48d1-959e-fb0bb51b4d46, URL: /data, Method: GET, Timestamp: 2024-10-22T16:43:17.671Z
User ID: 90b9de68-419a-4cf1-8819-148a2b96def7, URL: /data, Method: GET, Timestamp: 2024-10-22T16:43:28.768Z
User ID: 1effcda4-e981-47d6-ad9b-15a17b6518b8, URL: /data, Method: GET, Timestamp: 2024-10-22T16:43:36.827Z
User ID: 354c4083-f26b-4dff-b222-983f5f5fa3aa, URL: /data, Method: GET, Timestamp: 2024-10-22T16:44:27.578Z
User ID: eb1d55e9-a332-4f31-9174-029b3448ac2d, URL: /data, Method: GET, Timestamp: 2024-10-22T16:44:40.617Z
User ID: 12228ae2-d9fd-438c-aab8-e90897946f03, URL: /data, Method: GET, Timestamp: 2024-10-22T16:44:45.962Z
User ID: e718c3da-1cb6-418b-9454-d2510c300358, URL: /data, Method: GET, Timestamp: 2024-10-22T16:44:57.337Z
User ID: 77d5ff51-5fec-42d8-89d6-fca1aa5aed21, URL: /data, Method: GET, Timestamp: 2024-10-22T16:45:45.289Z
User ID: 24ef0765-b580-4946-b20c-b4370262f12a, URL: /data, Method: GET, Timestamp: 2024-10-22T16:45:55.430Z
User ID: 52560344-3f83-4d7a-9c1b-8aae260b5cd0, URL: /data, Method: GET, Timestamp: 2024-10-22T16:46:00.774Z
User ID: 8ed66216-bc83-4b29-8df5-49148518ccab, URL: /data, Method: GET, Timestamp: 2024-10-22T16:46:06.037Z
User ID: 2b39bdab-e08f-47aa-988e-f595d1f5aafc, URL: /data, Method: GET, Timestamp: 2024-10-22T16:46:09.970Z
User ID: 557c949b-4e96-4075-a2f6-b1253f0458df, URL: /data, Method: GET, Timestamp: 2024-10-22T16:46:26.171Z
User ID: af9990ac-d7d0-426e-a066-a784d7024c1e, URL: /data, Method: GET, Timestamp: 2024-10-22T16:46:31.354Z
User ID: 04bc10b5-c650-499e-97e0-a666f8e17481, URL: /data, Method: GET, Timestamp: 2024-10-22T16:46:35.986Z
User ID: 696ac76a-cb9b-420b-82ed-ca6dd94c0efd, URL: /data, Method: GET, Timestamp: 2024-10-22T16:46:43.103Z
User ID: b5db758a-7589-45ae-81b2-f9f61f100bb5, URL: /data, Method: GET, Timestamp: 2024-10-22T16:47:05.622Z
User ID: 41bf5873-4c58-4f00-984e-4f23c3bc0667, URL: /data, Method: GET, Timestamp: 2024-10-22T16:47:14.447Z
User ID: bae87576-95f6-47ba-a1ec-947abd91fe4c, URL: /data, Method: GET, Timestamp: 2024-10-22T16:47:21.725Z
User ID: e9006d33-d603-4ad1-8a47-864acc59be00, URL: /data, Method: GET, Timestamp: 2024-10-22T16:47:26.079Z
User ID: 7f5a2773-d999-46fb-aa00-f7670f990e27, URL: /data, Method: GET, Timestamp: 2024-10-22T16:49:18.619Z
User ID: 4dcb30c2-ea2b-49b9-9d82-a5160df6faf0, URL: /data, Method: GET, Timestamp: 2024-10-22T16:49:22.394Z
User ID: 5650ff11-8158-42a7-9893-2896e2a63d47, URL: /data, Method: GET, Timestamp: 2024-10-22T16:50:15.693Z
User ID: d8151eae-8575-4321-b1b0-9a0796b1dad3, URL: /data, Method: GET, Timestamp: 2024-10-22T16:50:31.226Z
User ID: 9399b6d7-c126-4b9d-af11-a55b50a2df9a, URL: /data, Method: GET, Timestamp: 2024-10-22T16:50:38.174Z
User ID: ceeb41cb-02ae-49a5-a3d5-290dfd79cab1, URL: /data, Method: GET, Timestamp: 2024-10-22T16:50:42.208Z
User ID: a1a9da3a-9281-4674-bf49-b0eba0140072, URL: /data, Method: GET, Timestamp: 2024-10-22T16:50:59.280Z
User ID: 58177eee-eca8-4235-a668-d93678db60ca, URL: /data, Method: GET, Timestamp: 2024-10-22T16:51:08.417Z
User ID: cb45f1a2-9bf3-4852-ac45-e74acdffcb15, URL: /data, Method: GET, Timestamp: 2024-10-22T16:51:17.121Z
User ID: 323fb103-87cc-42bb-b7c0-68cb60365a54, URL: /data, Method: GET, Timestamp: 2024-10-22T16:51:34.938Z
User ID: abebdffd-4a76-4ced-9ad8-0ebd600657cc, URL: /data, Method: GET, Timestamp: 2024-10-22T16:51:46.494Z
User ID: ff9f172d-b1d0-49e7-8a60-5a522db72ae4, URL: /data, Method: GET, Timestamp: 2024-10-22T16:52:45.092Z
User ID: 36aa420e-7928-45cf-9d19-5a1a1ad4094b, URL: /data, Method: GET, Timestamp: 2024-10-22T16:53:09.649Z
User ID: f567b483-e11f-4087-9c2f-d9a98437f9df, URL: /data, Method: GET, Timestamp: 2024-10-22T16:53:29.322Z
User ID: 27491aed-d543-49ff-bf3f-cd745c9f5f46, URL: /data, Method: GET, Timestamp: 2024-10-22T16:53:59.739Z
User ID: d910145a-b1c1-4f41-83e8-f1b38650f4fe, URL: /data, Method: GET, Timestamp: 2024-10-22T16:54:19.765Z
User ID: 1946cd9c-0fec-4411-9fdc-43759ccdafee, URL: /data, Method: GET, Timestamp: 2024-10-22T16:54:35.949Z
User ID: 871c7c61-f7b3-4b87-969e-62ac0be478a9, URL: /data, Method: GET, Timestamp: 2024-10-22T16:55:15.657Z
User ID: 880c34a3-625e-4b06-b3c4-9cbd655abd79, URL: /data, Method: GET, Timestamp: 2024-10-22T16:55:21.802Z
User ID: e9a6b0dd-6e91-4548-baca-4aa9cd04a1d4, URL: /data, Method: GET, Timestamp: 2024-10-22T16:55:28.647Z
User ID: 96775257-58cc-4247-b94a-42f1480f2171, URL: /data, Method: GET, Timestamp: 2024-10-22T16:55:31.864Z
User ID: 0ae25f54-9f22-4c17-9a2d-abf14aaa68ab, URL: /data, Method: GET, Timestamp: 2024-10-22T16:55:48.749Z
User ID: 9e3d8432-12d5-468a-9ff0-776aa588eac3, URL: /data, Method: GET, Timestamp: 2024-10-22T16:56:00.158Z
User ID: dc89a91c-7e83-4526-9e36-1353cc32c229, URL: /data, Method: GET, Timestamp: 2024-10-22T16:56:11.576Z
User ID: 625ca8b1-f395-4b25-8386-c7875a0d1d99, URL: /data, Method: GET, Timestamp: 2024-10-22T16:56:17.616Z
User ID: 982100f8-2e83-48c4-8ced-fbf037b55ae8, URL: /data, Method: GET, Timestamp: 2024-10-22T16:56:22.683Z
User ID: a703b9c7-daa6-45e0-92d1-f22fb80b2b70, URL: /data, Method: GET, Timestamp: 2024-10-22T16:56:34.974Z
User ID: b3418f59-32bf-4bf8-91fd-6e6286f85a5a, URL: /data, Method: GET, Timestamp: 2024-10-22T16:56:39.190Z
User ID: 577fa480-2fd5-40c5-bb38-e4717855c85a, URL: /data, Method: GET, Timestamp: 2024-10-22T16:56:45.332Z
User ID: ca1d2289-4c96-40fc-8380-f09a443bd623, URL: /data, Method: GET, Timestamp: 2024-10-22T16:57:07.151Z
User ID: 748a5a8d-c1e8-418c-81c4-5501c09c4091, URL: /data, Method: GET, Timestamp: 2024-10-22T16:57:11.427Z
User ID: 185729ff-a3fd-4886-8577-6f41387eea85, URL: /data, Method: GET, Timestamp: 2024-10-22T16:57:50.249Z
User ID: 4b1eafa8-332b-4c52-9a11-e7a42fb38bbd, URL: /data, Method: GET, Timestamp: 2024-10-22T16:58:12.357Z
User ID: e45f8045-1af0-446e-a998-abd7b69ec75b, URL: /data, Method: GET, Timestamp: 2024-10-22T16:58:46.697Z
User ID: d24eb479-203c-4383-b349-0c610e7b1356, URL: /data, Method: GET, Timestamp: 2024-10-22T16:58:54.040Z
User ID: 5bfbc1a5-b9bf-4564-9d6e-93e84b0baee5, URL: /data, Method: GET, Timestamp: 2024-10-22T16:59:07.104Z
User ID: 43764f6d-44e0-4085-9462-26b7288ff6dc, URL: /data, Method: GET, Timestamp: 2024-10-22T16:59:10.752Z
User ID: 6a5280e4-78f7-44c3-b6a0-01ddd27543f3, URL: /data, Method: GET, Timestamp: 2024-10-22T16:59:16.873Z
User ID: f6c346a9-04ab-404e-b560-d43aaa76a00b, URL: /data, Method: GET, Timestamp: 2024-10-22T17:00:27.156Z
User ID: 7c8421b7-3bef-46a9-93ff-c57bc465cc1d, URL: /data, Method: GET, Timestamp: 2024-10-22T17:00:36.082Z
User ID: 3afaf42f-4699-424b-8222-023f3625dc06, URL: /data, Method: GET, Timestamp: 2024-10-22T17:01:04.266Z
User ID: 220046b7-dba8-4c1e-8277-d240da2a9075, URL: /data, Method: GET, Timestamp: 2024-10-22T17:01:35.358Z
User ID: 0fa02ef3-b828-46f9-88f9-7907809345f0, URL: /data, Method: GET, Timestamp: 2024-10-22T17:01:55.728Z
User ID: 2f53d0b5-561f-4e45-a48c-6f827edb442b, URL: /data, Method: GET, Timestamp: 2024-10-22T17:02:48.227Z
User ID: a53ff7d7-c4ff-4bc4-8361-143b1318e597, URL: /data, Method: GET, Timestamp: 2024-10-22T17:03:31.141Z
User ID: 29f64d3a-354e-40da-8e9e-9714a4bb54c5, URL: /data, Method: GET, Timestamp: 2024-10-22T17:03:45.007Z
User ID: 59e7f9e1-fea1-4122-b0ea-86b1479ae13a, URL: /data, Method: GET, Timestamp: 2024-10-22T17:04:14.196Z
User ID: 9118f183-4f52-4074-8e02-8828427141fe, URL: /data, Method: GET, Timestamp: 2024-10-22T17:04:32.404Z
User ID: 53977c0f-e497-4d20-bacf-cf101a9f56ce, URL: /data, Method: GET, Timestamp: 2024-10-22T17:05:08.458Z
User ID: 6528af1c-00d7-443f-b645-4f827c700de6, URL: /data, Method: GET, Timestamp: 2024-10-22T17:05:27.092Z
User ID: ed7a3f83-1e7f-4cc5-aeab-0e7beaaf5424, URL: /data, Method: GET, Timestamp: 2024-10-22T17:05:52.281Z
User ID: 81f1d74b-a9f5-4666-82f3-58cf25790645, URL: /data, Method: GET, Timestamp: 2024-10-22T17:05:57.382Z
User ID: ab716c6d-a8c6-4a8e-9433-376a5631d3c9, URL: /data, Method: GET, Timestamp: 2024-10-22T17:06:06.280Z
User ID: eff999a4-a8ca-4cc5-833c-ad9e357ec368, URL: /data, Method: GET, Timestamp: 2024-10-22T17:06:13.861Z
User ID: b3c0e560-1b28-49db-bf97-7f05d19fdb5b, URL: /data, Method: GET, Timestamp: 2024-10-22T17:06:30.440Z
User ID: d8656a09-e861-491b-b0e9-926c60ce0b53, URL: /data, Method: GET, Timestamp: 2024-10-22T17:06:41.124Z
User ID: 0d0040ce-1ca3-4cc8-9b83-93e5d6157ceb, URL: /data, Method: GET, Timestamp: 2024-10-22T17:06:47.125Z
User ID: 00f2aed3-17ff-468e-8f11-6f1191ebcc7c, URL: /data, Method: GET, Timestamp: 2024-10-22T17:06:51.592Z
User ID: 07f36882-ac8d-429e-903e-49d6587b9e91, URL: /data, Method: GET, Timestamp: 2024-10-22T17:07:00.427Z
User ID: 22949c32-d3e2-4616-8667-e44776d8b616, URL: /data, Method: GET, Timestamp: 2024-10-22T17:07:15.130Z
User ID: 7f3a68e3-34c1-45fd-92e0-ee5ddecf33e0, URL: /data, Method: GET, Timestamp: 2024-10-22T17:07:25.098Z
User ID: e2bb9ecf-7cc2-490c-b1ba-d85d96ad74a6, URL: /data, Method: GET, Timestamp: 2024-10-22T17:07:32.046Z
User ID: 355b76df-5a47-4a41-a74d-94a325d17532, URL: /data, Method: GET, Timestamp: 2024-10-22T17:07:42.895Z
User ID: 3e3001cc-d62f-41e5-b49d-d799d879592a, URL: /data, Method: GET, Timestamp: 2024-10-22T17:14:00.000Z
User ID: 599972a7-6a99-4c62-ad89-89379b6de7d9, URL: /data, Method: GET, Timestamp: 2024-10-22T17:15:09.900Z
User ID: 555951ba-936b-4ccf-af0f-ddb5595958d0, URL: /data, Method: GET, Timestamp: 2024-10-22T17:15:39.885Z
User ID: 9d3ec5d2-2059-4649-a17e-0bbdd904adad, URL: /data, Method: GET, Timestamp: 2024-10-22T17:15:55.110Z
User ID: 902ff230-619a-4fb0-b3cb-30f7d5bf1f5c, URL: /data, Method: GET, Timestamp: 2024-10-22T17:16:02.446Z
User ID: 9deb50ea-d535-4e59-991b-c69ceaef3220, URL: /data, Method: GET, Timestamp: 2024-10-22T17:16:07.736Z
User ID: 47f981cf-4e8c-425e-933c-0b53c5f5428d, URL: /data, Method: GET, Timestamp: 2024-10-22T17:16:21.382Z
User ID: 475bf664-3fd0-42c3-97be-d78070d18316, URL: /data, Method: GET, Timestamp: 2024-10-22T17:16:28.992Z
User ID: a386c178-75f9-4c29-94ce-80529c6c0a98, URL: /data, Method: GET, Timestamp: 2024-10-22T17:16:43.849Z
User ID: 160946e5-371f-466a-a9ae-2782b95bab4d, URL: /data, Method: GET, Timestamp: 2024-10-22T17:17:08.047Z
User ID: 81069475-f3cd-4853-8b26-e88726b572b8, URL: /submit, Method: POST, Timestamp: 2024-10-22T17:17:28.901Z
User ID: 49905587-cb34-4584-8b7f-1a083d7682e7, URL: /data, Method: GET, Timestamp: 2024-10-22T17:18:29.516Z
User ID: ac7ebc24-57ba-4a3b-a0fe-f1d12001a6a8, URL: /data, Method: GET, Timestamp: 2024-10-22T17:18:35.938Z
User ID: e0884531-a394-416c-bdcb-e5aaf5e2e5f9, URL: /data, Method: GET, Timestamp: 2024-10-22T17:18:50.078Z
User ID: af02324f-2102-42cd-aa1e-b671bf25d02f, URL: /data, Method: GET, Timestamp: 2024-10-22T17:19:03.444Z
User ID: 87228d98-9c44-4005-bc93-350b13fe6350, URL: /data, Method: GET, Timestamp: 2024-10-22T17:19:10.387Z
User ID: 1750398b-9b87-4b25-af93-4dd6594eda9a, URL: /data, Method: GET, Timestamp: 2024-10-22T17:19:19.040Z
User ID: 7848e550-4017-44b8-9952-adbc825fcb4b, URL: /data, Method: GET, Timestamp: 2024-10-22T17:19:24.093Z
User ID: ba1fc82c-0ddb-4ab7-87d8-386d2a5231ad, URL: /data, Method: GET, Timestamp: 2024-10-22T17:19:34.102Z
User ID: 86cc4a54-3a65-4259-a0d3-b3beefe2e54a, URL: /data, Method: GET, Timestamp: 2024-10-22T17:19:36.985Z
User ID: 8d96a7af-6e4a-4dbc-8adf-846123ed1f92, URL: /data, Method: GET, Timestamp: 2024-10-22T17:19:45.626Z
User ID: 88eaaa11-071b-44a9-87ed-1b06e1a8aa26, URL: /data, Method: GET, Timestamp: 2024-10-22T17:19:50.728Z
User ID: 97352b52-6791-4dfb-9d51-2a2a6130a37b, URL: /submit, Method: POST, Timestamp: 2024-10-22T17:20:01.953Z
User ID: 8f83a47a-26cf-47ed-8405-b64d16133640, URL: /data, Method: GET, Timestamp: 2024-10-22T17:30:18.334Z
User ID: 6b3ad67c-b408-46c7-a2b8-13e5f08903c8, URL: /data, Method: GET, Timestamp: 2024-10-22T17:31:16.106Z
User ID: 94e79660-a756-4dc4-9b58-63c25ea5c529, URL: /data, Method: GET, Timestamp: 2024-10-22T17:32:01.161Z
User ID: a28fbc54-0094-42da-85de-4eed53e9f629, URL: /data, Method: GET, Timestamp: 2024-10-22T17:32:16.690Z
User ID: e53d1af8-ccd6-4134-91b5-890408f54897, URL: /data, Method: GET, Timestamp: 2024-10-22T17:32:23.262Z
User ID: 8ceced78-1998-4b33-a514-74a4c43a1d4f, URL: /data, Method: GET, Timestamp: 2024-10-22T17:32:35.467Z
User ID: d05568c9-e8c2-4712-8ded-494bcd01303a, URL: /data, Method: GET, Timestamp: 2024-10-22T17:33:48.229Z
User ID: 2562826a-67da-485e-8477-f1892d8add74, URL: /data, Method: GET, Timestamp: 2024-10-22T17:34:05.892Z
User ID: 14fc8039-0e0f-4039-83c1-810ffd98e7dc, URL: /data, Method: GET, Timestamp: 2024-10-22T17:34:21.856Z
User ID: cae288d4-997f-4ec2-9189-0d88dbdf521d, URL: /submit, Method: POST, Timestamp: 2024-10-22T17:34:50.520Z
User ID: 6939bcee-3a89-4ae0-a0ea-f6d456eb0306, URL: /data, Method: GET, Timestamp: 2024-10-22T17:35:55.857Z
User ID: 8e4b743f-f7eb-47f5-8809-56c7dd7689c9, URL: /data, Method: GET, Timestamp: 2024-10-22T17:36:04.994Z
User ID: a3668206-f532-4d3f-8f53-2ac4a7752109, URL: /data, Method: GET, Timestamp: 2024-10-22T17:37:21.292Z
User ID: a4a75c38-13c3-401b-9fb1-02a91cb33cbc, URL: /data, Method: GET, Timestamp: 2024-10-22T17:37:28.187Z
User ID: bb0f4cdb-cc04-4dd9-8755-6a7abb1cc78a, URL: /data, Method: GET, Timestamp: 2024-10-22T17:37:33.635Z
User ID: f29bca6c-6f75-46ca-9452-d3302c11eafc, URL: /data, Method: GET, Timestamp: 2024-10-22T17:37:45.058Z
User ID: 27cbb3fb-b445-49f6-8b8a-1684d3bbb329, URL: /data, Method: GET, Timestamp: 2024-10-22T17:38:02.465Z
User ID: 47308cce-74c5-4c65-81c2-6a6bdc7295bd, URL: /data, Method: GET, Timestamp: 2024-10-22T17:38:13.590Z
User ID: 10002089-deff-40e0-bd4d-f5eff1c655e7, URL: /data, Method: GET, Timestamp: 2024-10-22T17:38:40.251Z
User ID: 982df1cf-326b-44bc-94dd-8fd82bc72969, URL: /data, Method: GET, Timestamp: 2024-10-22T17:38:46.699Z
User ID: 9ee6fa28-dae9-4f03-9a16-f247f19f41c1, URL: /data, Method: GET, Timestamp: 2024-10-22T17:38:55.747Z
User ID: 0b2613f3-121f-44f0-aa0b-3465d3fa89a3, URL: /data, Method: GET, Timestamp: 2024-10-22T17:39:17.045Z
User ID: 0fb63f0d-a545-4959-9f21-a5729d3af75a, URL: /data, Method: GET, Timestamp: 2024-10-22T17:49:36.619Z
User ID: 47124b99-cdf0-4b9c-90a2-093969d8f79d, URL: /data, Method: GET, Timestamp: 2024-10-22T17:50:23.846Z
User ID: 69775d4f-4a48-4f5b-953a-42aa594013c7, URL: /data, Method: GET, Timestamp: 2024-10-22T17:50:37.871Z
User ID: fed5f58e-a958-4a8d-89b4-eab1aad8bdf6, URL: /data, Method: GET, Timestamp: 2024-10-22T17:57:21.155Z
User ID: eed372c1-f507-4971-9b82-f250280c4ee9, URL: /submit, Method: POST, Timestamp: 2024-10-22T17:57:31.897Z
User ID: c54b4a24-f0fb-41d4-86b1-10e176d6493a, URL: /register, Method: POST, Timestamp: 2024-10-22T18:20:10.833Z
User ID: da93fda3-388a-49f8-89db-89fbe449451b, URL: /login, Method: POST, Timestamp: 2024-10-22T18:29:36.055Z
User ID: 87d5cfc0-dbbe-4fba-820d-4b161aa87fa8, URL: /data, Method: GET, Timestamp: 2024-10-22T18:31:58.174Z
User ID: e943037f-efc2-4bdc-b512-afce25467144, URL: /login, Method: POST, Timestamp: 2024-10-22T18:36:48.814Z
User ID: c36ad57b-1d47-4b63-80f7-75f887db6185, URL: /login, Method: POST, Timestamp: 2024-10-22T18:37:11.189Z
User ID: 2be8c801-0aac-4e27-a32c-b2ebc7323dda, URL: /login, Method: POST, Timestamp: 2024-10-22T18:37:15.039Z
User ID: c07ca2c5-64ac-43f0-ba87-60c74f541817, URL: /login, Method: POST, Timestamp: 2024-10-22T18:45:20.242Z
User ID: 1edbc507-5979-4650-ad8b-9982cc039935, URL: /data, Method: GET, Timestamp: 2024-10-22T18:45:34.575Z
User ID: d6fd48e5-c047-489a-ae0f-7aecb23f235b, URL: /data, Method: GET, Timestamp: 2024-10-22T18:45:49.962Z
User ID: 9846fd7c-ae38-4ab2-b5a1-3b5007ecd2f1, URL: /data, Method: GET, Timestamp: 2024-10-23T01:49:20.099Z
User ID: 5da0ca69-b443-4fea-ba3b-891a16ef2991, URL: /data, Method: GET, Timestamp: 2024-10-23T02:50:12.918Z
User ID: 56e25b1a-93ed-4944-9c64-870e19a29355, URL: /newsletter, Method: POST, Timestamp: 2024-10-23T03:03:48.472Z
User ID: fdb0e308-25f8-4f90-816a-f872b3a7f504, URL: /newsletter, Method: POST, Timestamp: 2024-10-23T03:05:56.570Z
User ID: adbd2358-5574-462f-9ca1-89b7b355eb6e, URL: /newsletter, Method: POST, Timestamp: 2024-10-23T03:06:57.524Z
User ID: 46b991ba-c415-431a-9709-d9290a0224b4, URL: /newsletter, Method: POST, Timestamp: 2024-10-23T03:09:06.670Z
User ID: fa9876df-f906-4a05-aab5-be68a6046991, URL: /newsletter, Method: POST, Timestamp: 2024-10-23T03:09:31.834Z
User ID: f071553e-96fe-4b89-a0ca-3283efa68dc6, URL: /newsletter, Method: POST, Timestamp: 2024-10-23T03:09:57.594Z
User ID: b24c5427-c96f-4b4d-8825-4b5f2841c02e, URL: /newsletter, Method: POST, Timestamp: 2024-10-23T03:10:52.129Z
User ID: a5ca63a4-b862-4c81-bf63-015d97a2ff17, URL: /newsletter, Method: POST, Timestamp: 2024-10-23T03:11:17.884Z
User ID: 96ca1e44-58f7-4487-b08c-d2feff1936dc, URL: /newsletter, Method: POST, Timestamp: 2024-10-23T03:11:53.847Z
User ID: cffa8941-574b-48a1-8dec-bae48dbd6a51, URL: /newsletter, Method: POST, Timestamp: 2024-10-23T03:12:30.747Z
User ID: aaf1a2ad-ae06-4eb6-b0ce-46a6e84d6531, URL: /newsletter, Method: POST, Timestamp: 2024-10-23T03:12:45.123Z
User ID: 0cc1db5e-3735-4879-b9ca-d8933eacf0fb, URL: /newsletter, Method: POST, Timestamp: 2024-10-23T03:12:47.208Z
User ID: a93a2f9f-bbc0-4312-ad1f-9074858adde6, URL: /newsletter, Method: POST, Timestamp: 2024-10-23T03:12:52.169Z
User ID: 89c1eb7c-bacb-4110-aaac-17a22252d07b, URL: /newsletter, Method: POST, Timestamp: 2024-10-23T03:13:14.408Z
User ID: f79a05c4-6652-4a23-a491-af70d89f1dde, URL: /newsletter, Method: POST, Timestamp: 2024-10-23T03:13:27.250Z
User ID: d1d13bd9-80a8-468a-99cb-b1449af861ad, URL: /newsletter, Method: POST, Timestamp: 2024-10-23T03:13:28.129Z
User ID: 32b2c89d-f723-43dd-b89a-3f43a1c8e006, URL: /newsletter, Method: POST, Timestamp: 2024-10-23T03:14:09.520Z
User ID: 7ae9f5e8-9a6f-4403-bbc2-aef9e629b844, URL: /newsletter, Method: POST, Timestamp: 2024-10-23T03:14:20.201Z
User ID: 5f9fedfd-ecac-4606-8c3a-af0d163ed42c, URL: /newsletter, Method: POST, Timestamp: 2024-10-23T03:15:32.090Z
User ID: d23faa87-77c8-4b23-af09-a095776f6726, URL: /newsletter, Method: POST, Timestamp: 2024-10-23T03:16:10.947Z
User ID: 325fa52a-2738-4318-a7cc-2e17cda53b66, URL: /newsletter, Method: POST, Timestamp: 2024-10-23T03:16:12.146Z
User ID: 03d4540d-4c55-4d75-a6fa-abd978c81294, URL: /newsletter, Method: POST, Timestamp: 2024-10-23T03:16:37.784Z
User ID: 64054bb1-6268-4146-8e7a-ff00c2f3efd0, URL: /newsletter, Method: POST, Timestamp: 2024-10-23T03:17:04.233Z
User ID: 40b4a9c8-8a2f-4cdc-b06f-09f1443ee6b0, URL: /newsletter, Method: POST, Timestamp: 2024-10-23T03:18:20.587Z
User ID: c0c3d618-753c-4a95-aba5-2b1d3daae1e5, URL: /newsletter, Method: POST, Timestamp: 2024-10-23T03:20:04.012Z
User ID: a38a514d-3581-4cf0-994a-dcff6844c204, URL: /newsletter, Method: POST, Timestamp: 2024-10-23T03:20:34.774Z
User ID: dc84afae-3258-4aee-8a19-f82af6a76a74, URL: /newsletter, Method: POST, Timestamp: 2024-10-23T03:20:52.427Z
User ID: 05f8649f-d487-4bb4-a12f-6eb806d3c5d2, URL: /newsletter, Method: POST, Timestamp: 2024-10-23T03:23:14.795Z
User ID: 537188fd-07a3-4653-9bc3-e76afc7e4312, URL: /login, Method: POST, Timestamp: 2024-10-23T03:24:00.341Z
User ID: 535847ed-b6d8-44b6-bdee-6581d838d96d, URL: /newsletter, Method: POST, Timestamp: 2024-10-23T03:28:01.574Z
User ID: de345647-c1ef-485c-a276-21b2bea78e03, URL: /newsletter, Method: POST, Timestamp: 2024-10-23T03:28:13.342Z
User ID: 72f21c4d-5584-4520-9b74-c1e863631741, URL: /newsletter, Method: POST, Timestamp: 2024-10-23T03:28:47.160Z
User ID: 925db1b6-e766-430d-90c3-4b3d2efaf70a, URL: /data, Method: GET, Timestamp: 2024-10-23T03:28:51.174Z
User ID: 74807049-10ee-4ba1-8c34-3cfa48d0a599, URL: /submit, Method: POST, Timestamp: 2024-10-23T03:29:04.103Z
User ID: 52ebce82-0801-44f0-a916-97b3b5431f7b, URL: /data, Method: GET, Timestamp: 2024-10-23T03:30:02.714Z
User ID: 2d8450a2-bab9-48ef-b2e6-f7f181bec4fc, URL: /data, Method: GET, Timestamp: 2024-10-23T03:30:15.570Z
User ID: 66c68a3f-ba79-43d1-bcbf-61f4079e707b, URL: /data, Method: GET, Timestamp: 2024-10-23T03:31:40.792Z
User ID: 9a7d15ad-79bf-404e-90dc-6273741fdf3e, URL: /data, Method: GET, Timestamp: 2024-10-23T03:31:58.168Z
